<?xml version="1.0" encoding="UTF-8"?>
<testsuite name="/Users/alpha/IdeaProjects/ATB6xRestAssuredLearning"
           tests="3"
           failures="0"
           errors="0"
           skipped="0"
           time="0.007">
  <properties />
  
  
            <testcase name="getRequest2" time="0.002" classname="com.testingacademy.ex_20062023.Lab262" />
                <testcase name="getRequest1" time="0.003" classname="com.testingacademy.ex_20062023.Lab262" />
                <testcase name="getRequest3" time="0.002" classname="com.testingacademy.ex_20062023.Lab262" />
      
</testsuite>
