<?xml version="1.0" encoding="UTF-8"?>
<testsuite name="ATB6xRestAssuredLearning"
           tests="3"
           failures="0"
           errors="0"
           skipped="0"
           time="0.026">
  <properties />
  
  
            <testcase name="testmethodOne" time="0.024" classname="com.testingacademy.ex_25062023.Lab278" />
                <testcase name="testmethodThree" time="0.001" classname="com.testingacademy.ex_25062023.Lab278" />
                <testcase name="testmethodTwo" time="0.001" classname="com.testingacademy.ex_25062023.Lab278" />
      
</testsuite>
