<?xml version="1.0" encoding="UTF-8"?>
<testsuite name="ATB6xRestAssuredLearning"
           tests="2"
           failures="0"
           errors="0"
           skipped="0"
           time="3.278">
  <properties />
  
  
            <testcase name="testNonBDDStylePOSTNegative" time="1.832" classname="com.testingacademy.ex_27062023.gson.Serialization.Lab293" />
                <testcase name="testNonBDDStylePOSTPositive" time="1.446" classname="com.testingacademy.ex_27062023.gson.Serialization.Lab293" />
      
</testsuite>
